[1.540s] Invoking command in '/home/chris/capstone/hitc_ws/build/micro_ros_agent': CMAKE_PREFIX_PATH=${CMAKE_PREFIX_PATH}:/home/chris/ros2_ws/install/turtlesim_catch_them_all:/home/chris/ros2_ws/install/my_py_pkg:/home/chris/second_ros2_ws/install/urdf_tutorial_r2d2:/home/chris/ws_moveit/install/moveit_configs_utils:/home/chris/capstone/hitc_ws/install/trajectory_generator:/home/chris/capstone/hitc_ws/install/state_publisher_py:/home/chris/hitc_ws/install/test_motors_py:/home/chris/hitc_ws/install/camera_py:/opt/ros/humble /usr/bin/cmake /home/chris/capstone/hitc_ws/src/micro-ROS-Agent/micro_ros_agent -DAMENT_CMAKE_SYMLINK_INSTALL=1 -DCMAKE_INSTALL_PREFIX=/home/chris/capstone/hitc_ws/install/micro_ros_agent
[2.437s] -- The C compiler identification is GNU 11.4.0
[2.437s] -- Detecting C compiler ABI info
[2.437s] -- Detecting C compiler ABI info - done
[2.438s] -- Check for working C compiler: /usr/bin/cc - skipped
[2.439s] -- Detecting C compile features
[2.439s] -- Detecting C compile features - done
[2.439s] -- The CXX compiler identification is GNU 11.4.0
[2.440s] -- Detecting CXX compiler ABI info
[2.440s] -- Detecting CXX compiler ABI info - done
[2.440s] -- Check for working CXX compiler: /usr/bin/c++ - skipped
[2.440s] -- Detecting CXX compile features
[2.440s] -- Detecting CXX compile features - done
[2.440s] -- Configuring done
[2.440s] -- Generating done
[2.441s] -- Build files have been written to: /home/chris/capstone/hitc_ws/build/micro_ros_agent
[2.441s] [33mCMake Warning:
[2.441s]   Manually-specified variables were not used by the project:
[2.441s] 
[2.441s]     AMENT_CMAKE_SYMLINK_INSTALL
[2.441s] 
[2.441s] [0m
[2.899s] Invoked command in '/home/chris/capstone/hitc_ws/build/micro_ros_agent' returned '0': CMAKE_PREFIX_PATH=${CMAKE_PREFIX_PATH}:/home/chris/ros2_ws/install/turtlesim_catch_them_all:/home/chris/ros2_ws/install/my_py_pkg:/home/chris/second_ros2_ws/install/urdf_tutorial_r2d2:/home/chris/ws_moveit/install/moveit_configs_utils:/home/chris/capstone/hitc_ws/install/trajectory_generator:/home/chris/capstone/hitc_ws/install/state_publisher_py:/home/chris/hitc_ws/install/test_motors_py:/home/chris/hitc_ws/install/camera_py:/opt/ros/humble /usr/bin/cmake /home/chris/capstone/hitc_ws/src/micro-ROS-Agent/micro_ros_agent -DAMENT_CMAKE_SYMLINK_INSTALL=1 -DCMAKE_INSTALL_PREFIX=/home/chris/capstone/hitc_ws/install/micro_ros_agent
[2.901s] Invoking command in '/home/chris/capstone/hitc_ws/build/micro_ros_agent': CMAKE_PREFIX_PATH=${CMAKE_PREFIX_PATH}:/home/chris/ros2_ws/install/turtlesim_catch_them_all:/home/chris/ros2_ws/install/my_py_pkg:/home/chris/second_ros2_ws/install/urdf_tutorial_r2d2:/home/chris/ws_moveit/install/moveit_configs_utils:/home/chris/capstone/hitc_ws/install/trajectory_generator:/home/chris/capstone/hitc_ws/install/state_publisher_py:/home/chris/hitc_ws/install/test_motors_py:/home/chris/hitc_ws/install/camera_py:/opt/ros/humble /usr/bin/cmake --build /home/chris/capstone/hitc_ws/build/micro_ros_agent -- -j12 -l12
[2.979s] [  6%] [34m[1mCreating directories for 'xrceagent'[0m
[3.107s] [ 12%] [34m[1mPerforming download step (git clone) for 'xrceagent'[0m
[3.138s] Cloning into 'xrceagent'...
[4.525s] Switched to a new branch 'ros2'
[4.525s] Branch 'ros2' set up to track remote branch 'ros2' from 'origin'.
[4.617s] [ 18%] [34m[1mPerforming update step for 'xrceagent'[0m
[12.125s] HEAD is now at c25243c Enable Domain Override on Reference and XML Participant (#351)
[12.191s] [ 25%] [34m[1mNo patch step for 'xrceagent'[0m
[12.243s] [ 31%] [34m[1mPerforming configure step for 'xrceagent'[0m
[12.261s] loading initial cache file /home/chris/capstone/hitc_ws/build/micro_ros_agent/agent/tmp/xrceagent-cache-.cmake
[12.337s] -- The C compiler identification is GNU 11.4.0
[12.346s] -- Detecting C compiler ABI info
[12.436s] -- Detecting C compiler ABI info - done
[12.443s] -- Check for working C compiler: /usr/bin/cc - skipped
[12.443s] -- Detecting C compile features
[12.443s] -- Detecting C compile features - done
[12.497s] -- The CXX compiler identification is GNU 11.4.0
[12.504s] -- Detecting CXX compiler ABI info
[12.621s] -- Detecting CXX compiler ABI info - done
[12.630s] -- Check for working CXX compiler: /usr/bin/c++ - skipped
[12.630s] -- Detecting CXX compile features
[12.630s] -- Detecting CXX compile features - done
[12.645s] -- Looking for pthread.h
[12.743s] -- Looking for pthread.h - found
[12.743s] -- Performing Test CMAKE_HAVE_LIBC_PTHREAD
[12.843s] -- Performing Test CMAKE_HAVE_LIBC_PTHREAD - Success
[12.844s] -- Found Threads: TRUE  
[12.865s] -- Configuring done
[12.867s] -- Generating done
[12.868s] -- Build files have been written to: /home/chris/capstone/hitc_ws/build/micro_ros_agent/agent/src/xrceagent-build
[12.898s] [ 37%] [34m[1mPerforming build step for 'xrceagent'[0m
[12.964s] [ 12%] [34m[1mCreating directories for 'uagent'[0m
[13.080s] [ 25%] [34m[1mNo download step for 'uagent'[0m
[13.118s] [ 37%] [34m[1mNo update step for 'uagent'[0m
[13.155s] [ 50%] [34m[1mNo patch step for 'uagent'[0m
[13.193s] [ 62%] [34m[1mPerforming configure step for 'uagent'[0m
[13.208s] loading initial cache file /home/chris/capstone/hitc_ws/build/micro_ros_agent/agent/src/xrceagent-build/uagent-prefix/tmp/uagent-cache-.cmake
[13.212s] -- Setting build type to 'Release' as none was specified.
[13.287s] [33mCMake Warning (dev) at /usr/share/cmake-3.22/Modules/FindPackageHandleStandardArgs.cmake:438 (message):
[13.287s]   The package name passed to `find_package_handle_standard_args` (tinyxml2)
[13.287s]   does not match the name of the calling package (TinyXML2).  This can lead
[13.287s]   to problems in calling code that expects `find_package` result variables
[13.287s]   (e.g., `_FOUND`) to follow a certain pattern.
[13.287s] Call Stack (most recent call first):
[13.287s]   cmake/modules/FindTinyXML2.cmake:40 (find_package_handle_standard_args)
[13.288s]   /opt/ros/humble/share/fastrtps/cmake/fastrtps-config.cmake:51 (find_package)
[13.288s]   CMakeLists.txt:153 (find_package)
[13.288s] This warning is for project developers.  Use -Wno-dev to suppress it.
[13.288s] [0m
[13.288s] -- Found tinyxml2: /usr/lib/x86_64-linux-gnu/libtinyxml2.so  
[13.386s] -- Found OpenSSL: /usr/lib/x86_64-linux-gnu/libcrypto.so (found version "3.0.2")  
[13.394s] -- Configuring done
[13.404s] -- Generating done
[13.404s] -- Build files have been written to: /home/chris/capstone/hitc_ws/build/micro_ros_agent/agent/src/xrceagent-build
[13.432s] [ 75%] [34m[1mPerforming build step for 'uagent'[0m
[13.504s] [  4%] [32mBuilding CXX object CMakeFiles/microxrcedds_agent.dir/src/cpp/Agent.cpp.o[0m
[13.505s] [  4%] [32mBuilding CXX object CMakeFiles/microxrcedds_agent.dir/src/cpp/topic/Topic.cpp.o[0m
[13.506s] [  7%] [32mBuilding CXX object CMakeFiles/microxrcedds_agent.dir/src/cpp/Root.cpp.o[0m
[13.506s] [ 11%] [32mBuilding CXX object CMakeFiles/microxrcedds_agent.dir/src/cpp/client/ProxyClient.cpp.o[0m
[13.506s] [  9%] [32mBuilding CXX object CMakeFiles/microxrcedds_agent.dir/src/cpp/processor/Processor.cpp.o[0m
[13.506s] [ 14%] [32mBuilding CXX object CMakeFiles/microxrcedds_agent.dir/src/cpp/participant/Participant.cpp.o[0m
[13.506s] [ 16%] [32mBuilding CXX object CMakeFiles/microxrcedds_agent.dir/src/cpp/publisher/Publisher.cpp.o[0m
[13.507s] [ 19%] [32mBuilding CXX object CMakeFiles/microxrcedds_agent.dir/src/cpp/subscriber/Subscriber.cpp.o[0m
[13.507s] [ 21%] [32mBuilding CXX object CMakeFiles/microxrcedds_agent.dir/src/cpp/datawriter/DataWriter.cpp.o[0m
[13.507s] [ 23%] [32mBuilding CXX object CMakeFiles/microxrcedds_agent.dir/src/cpp/datareader/DataReader.cpp.o[0m
[13.507s] [ 26%] [32mBuilding CXX object CMakeFiles/microxrcedds_agent.dir/src/cpp/requester/Requester.cpp.o[0m
[13.508s] [ 28%] [32mBuilding CXX object CMakeFiles/microxrcedds_agent.dir/src/cpp/AgentInstance.cpp.o[0m
[15.195s] [ 30%] [32mBuilding CXX object CMakeFiles/microxrcedds_agent.dir/src/cpp/replier/Replier.cpp.o[0m
[15.217s] [ 33%] [32mBuilding CXX object CMakeFiles/microxrcedds_agent.dir/src/cpp/object/XRCEObject.cpp.o[0m
[15.230s] [ 35%] [32mBuilding CXX object CMakeFiles/microxrcedds_agent.dir/src/cpp/types/XRCETypes.cpp.o[0m
[15.242s] [ 38%] [32mBuilding CXX object CMakeFiles/microxrcedds_agent.dir/src/cpp/types/MessageHeader.cpp.o[0m
[15.977s] [ 40%] [32mBuilding CXX object CMakeFiles/microxrcedds_agent.dir/src/cpp/types/SubMessageHeader.cpp.o[0m
[16.075s] [ 42%] [32mBuilding CXX object CMakeFiles/microxrcedds_agent.dir/src/cpp/message/InputMessage.cpp.o[0m
[16.687s] [ 45%] [32mBuilding CXX object CMakeFiles/microxrcedds_agent.dir/src/cpp/message/OutputMessage.cpp.o[0m
[18.466s] [ 47%] [32mBuilding CXX object CMakeFiles/microxrcedds_agent.dir/src/cpp/utils/ArgumentParser.cpp.o[0m
[18.721s] [ 50%] [32mBuilding CXX object CMakeFiles/microxrcedds_agent.dir/src/cpp/transport/Server.cpp.o[0m
[18.870s] [ 52%] [32mBuilding CXX object CMakeFiles/microxrcedds_agent.dir/src/cpp/transport/stream_framing/StreamFramingProtocol.cpp.o[0m
[19.037s] [ 54%] [32mBuilding CXX object CMakeFiles/microxrcedds_agent.dir/src/cpp/transport/custom/CustomAgent.cpp.o[0m
[19.230s] [ 57%] [32mBuilding CXX object CMakeFiles/microxrcedds_agent.dir/src/cpp/transport/udp/UDPv4AgentLinux.cpp.o[0m
[20.610s] [ 59%] [32mBuilding CXX object CMakeFiles/microxrcedds_agent.dir/src/cpp/transport/udp/UDPv6AgentLinux.cpp.o[0m
[20.643s] [ 61%] [32mBuilding CXX object CMakeFiles/microxrcedds_agent.dir/src/cpp/transport/tcp/TCPv4AgentLinux.cpp.o[0m
[20.816s] [ 64%] [32mBuilding CXX object CMakeFiles/microxrcedds_agent.dir/src/cpp/transport/tcp/TCPv6AgentLinux.cpp.o[0m
[21.262s] [ 66%] [32mBuilding CXX object CMakeFiles/microxrcedds_agent.dir/src/cpp/transport/serial/SerialAgentLinux.cpp.o[0m
[21.665s] [ 69%] [32mBuilding CXX object CMakeFiles/microxrcedds_agent.dir/src/cpp/transport/serial/TermiosAgentLinux.cpp.o[0m
[21.979s] [ 71%] [32mBuilding CXX object CMakeFiles/microxrcedds_agent.dir/src/cpp/transport/serial/MultiSerialAgentLinux.cpp.o[0m
[23.090s] [ 73%] [32mBuilding CXX object CMakeFiles/microxrcedds_agent.dir/src/cpp/transport/serial/MultiTermiosAgentLinux.cpp.o[0m
[25.036s] [ 76%] [32mBuilding CXX object CMakeFiles/microxrcedds_agent.dir/src/cpp/transport/serial/PseudoTerminalAgentLinux.cpp.o[0m
[25.335s] [ 78%] [32mBuilding CXX object CMakeFiles/microxrcedds_agent.dir/src/cpp/transport/can/CanAgentLinux.cpp.o[0m
[26.659s] [ 80%] [32mBuilding CXX object CMakeFiles/microxrcedds_agent.dir/src/cpp/transport/discovery/DiscoveryServerLinux.cpp.o[0m
[26.665s] [ 83%] [32mBuilding CXX object CMakeFiles/microxrcedds_agent.dir/src/cpp/transport/discovery/DiscoveryServer.cpp.o[0m
[26.688s] [ 85%] [32mBuilding CXX object CMakeFiles/microxrcedds_agent.dir/src/cpp/types/TopicPubSubType.cpp.o[0m
[27.032s] [ 88%] [32mBuilding CXX object CMakeFiles/microxrcedds_agent.dir/src/cpp/xmlobjects/xmlobjects.cpp.o[0m
[27.472s] [ 90%] [32mBuilding CXX object CMakeFiles/microxrcedds_agent.dir/src/cpp/middleware/fast/FastEntities.cpp.o[0m
[27.811s] [ 92%] [32mBuilding CXX object CMakeFiles/microxrcedds_agent.dir/src/cpp/middleware/fast/FastMiddleware.cpp.o[0m
[27.870s] [ 95%] [32mBuilding CXX object CMakeFiles/microxrcedds_agent.dir/src/cpp/middleware/fastdds/FastDDSEntities.cpp.o[0m
[28.080s] [ 97%] [32mBuilding CXX object CMakeFiles/microxrcedds_agent.dir/src/cpp/middleware/fastdds/FastDDSMiddleware.cpp.o[0m
[35.346s] [100%] [32m[1mLinking CXX shared library libmicroxrcedds_agent.so[0m
[35.669s] [100%] Built target microxrcedds_agent
[35.708s] [34m[1mNo install step for 'uagent'[0m
[35.746s] [34m[1mCompleted 'uagent'[0m
[35.795s] Built target uagent
[35.835s] [ 43%] [34m[1mPerforming install step for 'xrceagent'[0m
[35.903s] [35m[1mConsolidate compiler generated dependencies of target microxrcedds_agent[0m
[35.970s] [100%] Built target microxrcedds_agent
[36.000s] [36mInstall the project...[0m
[36.012s] -- Install configuration: "Release"
[36.012s] -- Installing: /home/chris/capstone/hitc_ws/install/micro_ros_agent/lib/libmicroxrcedds_agent.so.2.4.1
[36.016s] -- Installing: /home/chris/capstone/hitc_ws/install/micro_ros_agent/lib/libmicroxrcedds_agent.so.2.4
[36.016s] -- Set runtime path of "/home/chris/capstone/hitc_ws/install/micro_ros_agent/lib/libmicroxrcedds_agent.so.2.4.1" to ""
[36.016s] -- Installing: /home/chris/capstone/hitc_ws/install/micro_ros_agent/lib/libmicroxrcedds_agent.so
[36.017s] -- Installing: /home/chris/capstone/hitc_ws/install/micro_ros_agent/include/uxr/agent
[36.017s] -- Installing: /home/chris/capstone/hitc_ws/install/micro_ros_agent/include/uxr/agent/message
[36.017s] -- Installing: /home/chris/capstone/hitc_ws/install/micro_ros_agent/include/uxr/agent/message/Packet.hpp
[36.017s] -- Installing: /home/chris/capstone/hitc_ws/install/micro_ros_agent/include/uxr/agent/message/InputMessage.hpp
[36.017s] -- Installing: /home/chris/capstone/hitc_ws/install/micro_ros_agent/include/uxr/agent/message/OutputMessage.hpp
[36.017s] -- Installing: /home/chris/capstone/hitc_ws/install/micro_ros_agent/include/uxr/agent/replier
[36.017s] -- Installing: /home/chris/capstone/hitc_ws/install/micro_ros_agent/include/uxr/agent/replier/Replier.hpp
[36.017s] -- Installing: /home/chris/capstone/hitc_ws/install/micro_ros_agent/include/uxr/agent/publisher
[36.017s] -- Installing: /home/chris/capstone/hitc_ws/install/micro_ros_agent/include/uxr/agent/publisher/Publisher.hpp
[36.017s] -- Installing: /home/chris/capstone/hitc_ws/install/micro_ros_agent/include/uxr/agent/p2p
[36.017s] -- Installing: /home/chris/capstone/hitc_ws/install/micro_ros_agent/include/uxr/agent/p2p/InternalClient.hpp
[36.018s] -- Installing: /home/chris/capstone/hitc_ws/install/micro_ros_agent/include/uxr/agent/p2p/InternalClientManager.hpp
[36.018s] -- Installing: /home/chris/capstone/hitc_ws/install/micro_ros_agent/include/uxr/agent/topic
[36.018s] -- Installing: /home/chris/capstone/hitc_ws/install/micro_ros_agent/include/uxr/agent/topic/Topic.hpp
[36.018s] -- Installing: /home/chris/capstone/hitc_ws/install/micro_ros_agent/include/uxr/agent/datareader
[36.018s] -- Installing: /home/chris/capstone/hitc_ws/install/micro_ros_agent/include/uxr/agent/datareader/DataReader.hpp
[36.018s] -- Installing: /home/chris/capstone/hitc_ws/install/micro_ros_agent/include/uxr/agent/reader
[36.018s] -- Installing: /home/chris/capstone/hitc_ws/install/micro_ros_agent/include/uxr/agent/reader/Reader.hpp
[36.018s] -- Installing: /home/chris/capstone/hitc_ws/install/micro_ros_agent/include/uxr/agent/visibility.hpp
[36.018s] -- Installing: /home/chris/capstone/hitc_ws/install/micro_ros_agent/include/uxr/agent/participant
[36.018s] -- Installing: /home/chris/capstone/hitc_ws/install/micro_ros_agent/include/uxr/agent/participant/Participant.hpp
[36.018s] -- Installing: /home/chris/capstone/hitc_ws/install/micro_ros_agent/include/uxr/agent/client
[36.018s] -- Installing: /home/chris/capstone/hitc_ws/install/micro_ros_agent/include/uxr/agent/client/session
[36.019s] -- Installing: /home/chris/capstone/hitc_ws/install/micro_ros_agent/include/uxr/agent/client/session/stream
[36.019s] -- Installing: /home/chris/capstone/hitc_ws/install/micro_ros_agent/include/uxr/agent/client/session/stream/OutputStream.hpp
[36.019s] -- Installing: /home/chris/capstone/hitc_ws/install/micro_ros_agent/include/uxr/agent/client/session/stream/InputStream.hpp
[36.019s] -- Installing: /home/chris/capstone/hitc_ws/install/micro_ros_agent/include/uxr/agent/client/session/Session.hpp
[36.019s] -- Installing: /home/chris/capstone/hitc_ws/install/micro_ros_agent/include/uxr/agent/client/session/SessionInfo.hpp
[36.019s] -- Installing: /home/chris/capstone/hitc_ws/install/micro_ros_agent/include/uxr/agent/client/ProxyClient.hpp
[36.019s] -- Installing: /home/chris/capstone/hitc_ws/install/micro_ros_agent/include/uxr/agent/datawriter
[36.019s] -- Installing: /home/chris/capstone/hitc_ws/install/micro_ros_agent/include/uxr/agent/datawriter/DataWriter.hpp
[36.020s] -- Installing: /home/chris/capstone/hitc_ws/install/micro_ros_agent/include/uxr/agent/utils
[36.020s] -- Installing: /home/chris/capstone/hitc_ws/install/micro_ros_agent/include/uxr/agent/utils/TokenBucket.hpp
[36.020s] -- Installing: /home/chris/capstone/hitc_ws/install/micro_ros_agent/include/uxr/agent/utils/Time.hpp
[36.020s] -- Installing: /home/chris/capstone/hitc_ws/install/micro_ros_agent/include/uxr/agent/utils/SharedMutex.hpp
[36.020s] -- Installing: /home/chris/capstone/hitc_ws/install/micro_ros_agent/include/uxr/agent/utils/Color.hpp
[36.020s] -- Installing: /home/chris/capstone/hitc_ws/install/micro_ros_agent/include/uxr/agent/utils/SeqNum.hpp
[36.020s] -- Installing: /home/chris/capstone/hitc_ws/install/micro_ros_agent/include/uxr/agent/utils/Conversion.hpp
[36.020s] -- Installing: /home/chris/capstone/hitc_ws/install/micro_ros_agent/include/uxr/agent/utils/SharedMutexPriority.hpp
[36.020s] -- Installing: /home/chris/capstone/hitc_ws/install/micro_ros_agent/include/uxr/agent/utils/ArgumentParser.hpp
[36.020s] -- Installing: /home/chris/capstone/hitc_ws/install/micro_ros_agent/include/uxr/agent/utils/Functions.hpp
[36.021s] -- Installing: /home/chris/capstone/hitc_ws/install/micro_ros_agent/include/uxr/agent/middleware
[36.021s] -- Installing: /home/chris/capstone/hitc_ws/install/micro_ros_agent/include/uxr/agent/middleware/utils
[36.021s] -- Installing: /home/chris/capstone/hitc_ws/install/micro_ros_agent/include/uxr/agent/middleware/utils/Callbacks.hpp
[36.021s] -- Installing: /home/chris/capstone/hitc_ws/install/micro_ros_agent/include/uxr/agent/middleware/fast
[36.021s] -- Installing: /home/chris/capstone/hitc_ws/install/micro_ros_agent/include/uxr/agent/middleware/fast/FastEntities.hpp
[36.021s] -- Installing: /home/chris/capstone/hitc_ws/install/micro_ros_agent/include/uxr/agent/middleware/fast/FastMiddleware.hpp
[36.021s] -- Installing: /home/chris/capstone/hitc_ws/install/micro_ros_agent/include/uxr/agent/middleware/Middleware.hpp
[36.021s] -- Installing: /home/chris/capstone/hitc_ws/install/micro_ros_agent/include/uxr/agent/middleware/ced
[36.021s] -- Installing: /home/chris/capstone/hitc_ws/install/micro_ros_agent/include/uxr/agent/middleware/ced/CedEntities.hpp
[36.022s] -- Installing: /home/chris/capstone/hitc_ws/install/micro_ros_agent/include/uxr/agent/middleware/ced/CedMiddleware.hpp
[36.022s] -- Installing: /home/chris/capstone/hitc_ws/install/micro_ros_agent/include/uxr/agent/middleware/fastdds
[36.022s] -- Installing: /home/chris/capstone/hitc_ws/install/micro_ros_agent/include/uxr/agent/middleware/fastdds/FastDDSEntities.hpp
[36.022s] -- Installing: /home/chris/capstone/hitc_ws/install/micro_ros_agent/include/uxr/agent/middleware/fastdds/FastDDSMiddleware.hpp
[36.022s] -- Installing: /home/chris/capstone/hitc_ws/install/micro_ros_agent/include/uxr/agent/subscriber
[36.022s] -- Installing: /home/chris/capstone/hitc_ws/install/micro_ros_agent/include/uxr/agent/subscriber/Subscriber.hpp
[36.022s] -- Installing: /home/chris/capstone/hitc_ws/install/micro_ros_agent/include/uxr/agent/logger
[36.022s] -- Installing: /home/chris/capstone/hitc_ws/install/micro_ros_agent/include/uxr/agent/logger/Logger.hpp
[36.022s] -- Installing: /home/chris/capstone/hitc_ws/install/micro_ros_agent/include/uxr/agent/Root.hpp
[36.022s] -- Installing: /home/chris/capstone/hitc_ws/install/micro_ros_agent/include/uxr/agent/AgentInstance.hpp
[36.023s] -- Installing: /home/chris/capstone/hitc_ws/install/micro_ros_agent/include/uxr/agent/scheduler
[36.023s] -- Installing: /home/chris/capstone/hitc_ws/install/micro_ros_agent/include/uxr/agent/scheduler/PacketScheduler.hpp
[36.023s] -- Installing: /home/chris/capstone/hitc_ws/install/micro_ros_agent/include/uxr/agent/scheduler/Scheduler.hpp
[36.023s] -- Installing: /home/chris/capstone/hitc_ws/install/micro_ros_agent/include/uxr/agent/Agent.hpp
[36.023s] -- Installing: /home/chris/capstone/hitc_ws/install/micro_ros_agent/include/uxr/agent/transport
[36.023s] -- Installing: /home/chris/capstone/hitc_ws/install/micro_ros_agent/include/uxr/agent/transport/serial
[36.023s] -- Installing: /home/chris/capstone/hitc_ws/install/micro_ros_agent/include/uxr/agent/transport/serial/TermiosAgentLinux.hpp
[36.023s] -- Installing: /home/chris/capstone/hitc_ws/install/micro_ros_agent/include/uxr/agent/transport/serial/PseudoTerminalAgentLinux.hpp
[36.023s] -- Installing: /home/chris/capstone/hitc_ws/install/micro_ros_agent/include/uxr/agent/transport/serial/baud_rate_table_linux.h
[36.023s] -- Installing: /home/chris/capstone/hitc_ws/install/micro_ros_agent/include/uxr/agent/transport/serial/MultiSerialAgentLinux.hpp
[36.024s] -- Installing: /home/chris/capstone/hitc_ws/install/micro_ros_agent/include/uxr/agent/transport/serial/SerialAgentLinux.hpp
[36.024s] -- Installing: /home/chris/capstone/hitc_ws/install/micro_ros_agent/include/uxr/agent/transport/serial/MultiTermiosAgentLinux.hpp
[36.024s] -- Installing: /home/chris/capstone/hitc_ws/install/micro_ros_agent/include/uxr/agent/transport/tcp
[36.024s] -- Installing: /home/chris/capstone/hitc_ws/install/micro_ros_agent/include/uxr/agent/transport/tcp/TCPv4AgentLinux.hpp
[36.024s] -- Installing: /home/chris/capstone/hitc_ws/install/micro_ros_agent/include/uxr/agent/transport/tcp/TCPv6AgentWindows.hpp
[36.024s] -- Installing: /home/chris/capstone/hitc_ws/install/micro_ros_agent/include/uxr/agent/transport/tcp/TCPv4AgentWindows.hpp
[36.024s] -- Installing: /home/chris/capstone/hitc_ws/install/micro_ros_agent/include/uxr/agent/transport/tcp/TCPv6AgentLinux.hpp
[36.024s] -- Installing: /home/chris/capstone/hitc_ws/install/micro_ros_agent/include/uxr/agent/transport/tcp/TCPServerBase.hpp
[36.024s] -- Installing: /home/chris/capstone/hitc_ws/install/micro_ros_agent/include/uxr/agent/transport/tcp/TCPConnection.hpp
[36.025s] -- Installing: /home/chris/capstone/hitc_ws/install/micro_ros_agent/include/uxr/agent/transport/p2p
[36.025s] -- Installing: /home/chris/capstone/hitc_ws/install/micro_ros_agent/include/uxr/agent/transport/p2p/AgentDiscoverer.hpp
[36.025s] -- Installing: /home/chris/capstone/hitc_ws/install/micro_ros_agent/include/uxr/agent/transport/p2p/AgentDiscovererLinux.hpp
[36.025s] -- Installing: /home/chris/capstone/hitc_ws/install/micro_ros_agent/include/uxr/agent/transport/can
[36.025s] -- Installing: /home/chris/capstone/hitc_ws/install/micro_ros_agent/include/uxr/agent/transport/can/CanAgentLinux.hpp
[36.025s] -- Installing: /home/chris/capstone/hitc_ws/install/micro_ros_agent/include/uxr/agent/transport/util
[36.025s] -- Installing: /home/chris/capstone/hitc_ws/install/micro_ros_agent/include/uxr/agent/transport/util/InterfaceLinux.hpp
[36.025s] -- Installing: /home/chris/capstone/hitc_ws/install/micro_ros_agent/include/uxr/agent/transport/util/InterfaceWindows.hpp
[36.025s] -- Installing: /home/chris/capstone/hitc_ws/install/micro_ros_agent/include/uxr/agent/transport/udp
[36.025s] -- Installing: /home/chris/capstone/hitc_ws/install/micro_ros_agent/include/uxr/agent/transport/udp/UDPv6AgentLinux.hpp
[36.026s] -- Installing: /home/chris/capstone/hitc_ws/install/micro_ros_agent/include/uxr/agent/transport/udp/UDPv4AgentLinux.hpp
[36.026s] -- Installing: /home/chris/capstone/hitc_ws/install/micro_ros_agent/include/uxr/agent/transport/udp/UDPv6AgentWindows.hpp
[36.026s] -- Installing: /home/chris/capstone/hitc_ws/install/micro_ros_agent/include/uxr/agent/transport/udp/UDPv4AgentWindows.hpp
[36.026s] -- Installing: /home/chris/capstone/hitc_ws/install/micro_ros_agent/include/uxr/agent/transport/Server.hpp
[36.026s] -- Installing: /home/chris/capstone/hitc_ws/install/micro_ros_agent/include/uxr/agent/transport/endpoint
[36.026s] -- Installing: /home/chris/capstone/hitc_ws/install/micro_ros_agent/include/uxr/agent/transport/endpoint/CanEndPoint.hpp
[36.026s] -- Installing: /home/chris/capstone/hitc_ws/install/micro_ros_agent/include/uxr/agent/transport/endpoint/IPv6EndPoint.hpp
[36.026s] -- Installing: /home/chris/capstone/hitc_ws/install/micro_ros_agent/include/uxr/agent/transport/endpoint/SerialEndPoint.hpp
[36.026s] -- Installing: /home/chris/capstone/hitc_ws/install/micro_ros_agent/include/uxr/agent/transport/endpoint/IPv4EndPoint.hpp
[36.027s] -- Installing: /home/chris/capstone/hitc_ws/install/micro_ros_agent/include/uxr/agent/transport/endpoint/MultiSerialEndPoint.hpp
[36.027s] -- Installing: /home/chris/capstone/hitc_ws/install/micro_ros_agent/include/uxr/agent/transport/endpoint/CustomEndPoint.hpp
[36.027s] -- Installing: /home/chris/capstone/hitc_ws/install/micro_ros_agent/include/uxr/agent/transport/discovery
[36.027s] -- Installing: /home/chris/capstone/hitc_ws/install/micro_ros_agent/include/uxr/agent/transport/discovery/DiscoveryServerLinux.hpp
[36.027s] -- Installing: /home/chris/capstone/hitc_ws/install/micro_ros_agent/include/uxr/agent/transport/discovery/DiscoveryServerWindows.hpp
[36.028s] -- Installing: /home/chris/capstone/hitc_ws/install/micro_ros_agent/include/uxr/agent/transport/discovery/DiscoveryServer.hpp
[36.028s] -- Installing: /home/chris/capstone/hitc_ws/install/micro_ros_agent/include/uxr/agent/transport/stream_framing
[36.028s] -- Installing: /home/chris/capstone/hitc_ws/install/micro_ros_agent/include/uxr/agent/transport/stream_framing/StreamFramingProtocol.hpp
[36.028s] -- Installing: /home/chris/capstone/hitc_ws/install/micro_ros_agent/include/uxr/agent/transport/custom
[36.028s] -- Installing: /home/chris/capstone/hitc_ws/install/micro_ros_agent/include/uxr/agent/transport/custom/CustomAgent.hpp
[36.028s] -- Installing: /home/chris/capstone/hitc_ws/install/micro_ros_agent/include/uxr/agent/transport/TransportRc.hpp
[36.028s] -- Installing: /home/chris/capstone/hitc_ws/install/micro_ros_agent/include/uxr/agent/transport/SessionManager.hpp
[36.028s] -- Installing: /home/chris/capstone/hitc_ws/install/micro_ros_agent/include/uxr/agent/object
[36.028s] -- Installing: /home/chris/capstone/hitc_ws/install/micro_ros_agent/include/uxr/agent/object/XRCEObject.hpp
[36.029s] -- Installing: /home/chris/capstone/hitc_ws/install/micro_ros_agent/include/uxr/agent/types
[36.029s] -- Installing: /home/chris/capstone/hitc_ws/install/micro_ros_agent/include/uxr/agent/types/SubMessageHeader.hpp
[36.029s] -- Installing: /home/chris/capstone/hitc_ws/install/micro_ros_agent/include/uxr/agent/types/TopicPubSubType.hpp
[36.029s] -- Installing: /home/chris/capstone/hitc_ws/install/micro_ros_agent/include/uxr/agent/types/Optional.hpp
[36.029s] -- Installing: /home/chris/capstone/hitc_ws/install/micro_ros_agent/include/uxr/agent/types/MessageHeader.hpp
[36.029s] -- Installing: /home/chris/capstone/hitc_ws/install/micro_ros_agent/include/uxr/agent/types/XRCETypes.hpp
[36.029s] -- Installing: /home/chris/capstone/hitc_ws/install/micro_ros_agent/include/uxr/agent/processor
[36.030s] -- Installing: /home/chris/capstone/hitc_ws/install/micro_ros_agent/include/uxr/agent/processor/Processor.hpp
[36.030s] -- Installing: /home/chris/capstone/hitc_ws/install/micro_ros_agent/include/uxr/agent/requester
[36.030s] -- Installing: /home/chris/capstone/hitc_ws/install/micro_ros_agent/include/uxr/agent/requester/Requester.hpp
[36.030s] -- Installing: /home/chris/capstone/hitc_ws/install/micro_ros_agent/share/microxrcedds_agent/cmake/microxrcedds_agentTargets.cmake
[36.030s] -- Installing: /home/chris/capstone/hitc_ws/install/micro_ros_agent/share/microxrcedds_agent/cmake/microxrcedds_agentTargets-release.cmake
[36.030s] -- Installing: /home/chris/capstone/hitc_ws/install/micro_ros_agent/include/uxr/agent/config.hpp
[36.030s] -- Installing: /home/chris/capstone/hitc_ws/install/micro_ros_agent/share/microxrcedds_agent/LICENSE
[36.031s] -- Installing: /home/chris/capstone/hitc_ws/install/micro_ros_agent/share/microxrcedds_agent/cmake/microxrcedds_agentConfig.cmake
[36.031s] -- Installing: /home/chris/capstone/hitc_ws/install/micro_ros_agent/share/microxrcedds_agent/cmake/microxrcedds_agentConfigVersion.cmake
[36.060s] [ 50%] [34m[1mCompleted 'xrceagent'[0m
[36.109s] [ 50%] Built target xrceagent
[36.142s] [ 56%] [34m[1mCreating directories for 'micro_ros_agent'[0m
[36.251s] [ 62%] [34m[1mNo download step for 'micro_ros_agent'[0m
[36.289s] [ 68%] [34m[1mNo update step for 'micro_ros_agent'[0m
[36.328s] [ 75%] [34m[1mNo patch step for 'micro_ros_agent'[0m
[36.365s] [ 81%] [34m[1mPerforming configure step for 'micro_ros_agent'[0m
[36.379s] loading initial cache file /home/chris/capstone/hitc_ws/build/micro_ros_agent/micro_ros_agent-prefix/tmp/micro_ros_agent-cache-.cmake
[36.403s] -- Found ament_cmake: 1.3.8 (/opt/ros/humble/share/ament_cmake/cmake)
[36.605s] -- Found Python3: /usr/bin/python3 (found version "3.10.12") found components: Interpreter 
[36.667s] -- Override CMake install command with custom implementation using symlinks instead of copying resources
[36.958s] -- Found OpenSSL: /usr/lib/x86_64-linux-gnu/libcrypto.so (found version "3.0.2")  
[36.973s] -- Looking for C++ include pthread.h
[37.078s] -- Looking for C++ include pthread.h - found
[37.078s] -- Performing Test CMAKE_HAVE_LIBC_PTHREAD
[37.192s] -- Performing Test CMAKE_HAVE_LIBC_PTHREAD - Success
[37.193s] -- Found Threads: TRUE  
[37.217s] -- Found rosidl_cmake: 3.1.5 (/opt/ros/humble/share/rosidl_cmake/cmake)
[37.228s] -- Found rosidl_adapter: 3.1.5 (/opt/ros/humble/share/rosidl_adapter/cmake)
[37.267s] -- Found fastrtps_cmake_module: 2.2.2 (/opt/ros/humble/share/fastrtps_cmake_module/cmake)
[37.278s] -- Found rmw_dds_common: 1.6.0 (/opt/ros/humble/share/rmw_dds_common/cmake)
[37.387s] -- Found rosidl_generator_c: 3.1.5 (/opt/ros/humble/share/rosidl_generator_c/cmake)
[37.416s] -- Found rosidl_generator_cpp: 3.1.5 (/opt/ros/humble/share/rosidl_generator_cpp/cmake)
[37.439s] -- Using all available rosidl_typesupport_c: rosidl_typesupport_fastrtps_c;rosidl_typesupport_introspection_c
[37.477s] -- Using all available rosidl_typesupport_cpp: rosidl_typesupport_fastrtps_cpp;rosidl_typesupport_introspection_cpp
[37.517s] -- Found rmw_fastrtps_shared_cpp: 6.2.6 (/opt/ros/humble/share/rmw_fastrtps_shared_cpp/cmake)
[37.604s] -- Found FastRTPS: /opt/ros/humble/include  
[37.614s] -- Found ament_lint_auto: 0.12.10 (/opt/ros/humble/share/ament_lint_auto/cmake)
[37.626s] -- Found ament_cmake_gtest: 1.3.8 (/opt/ros/humble/share/ament_cmake_gtest/cmake)
[37.638s] -- Found micro_ros_msgs: 1.0.0 (/opt/ros/humble/share/micro_ros_msgs/cmake)
[37.741s] -- Configuring done
[37.750s] -- Generating done
[37.751s] -- Build files have been written to: /home/chris/capstone/hitc_ws/build/micro_ros_agent
[37.781s] [ 87%] [34m[1mPerforming build step for 'micro_ros_agent'[0m
[37.846s] [ 50%] [32mBuilding CXX object CMakeFiles/micro_ros_agent.dir/src/agent/Agent.cpp.o[0m
[37.846s] [ 50%] [32mBuilding CXX object CMakeFiles/micro_ros_agent.dir/src/agent/graph_manager/graph_manager.cpp.o[0m
[37.846s] [ 50%] [32mBuilding CXX object CMakeFiles/micro_ros_agent.dir/src/main.cpp.o[0m
[37.846s] [ 66%] [32mBuilding CXX object CMakeFiles/micro_ros_agent.dir/src/agent/utils/demangle.cpp.o[0m
[37.847s] [ 83%] [32mBuilding CXX object CMakeFiles/micro_ros_agent.dir/src/agent/graph_manager/graph_typesupport.cpp.o[0m
[39.051s] [01m[K/home/chris/capstone/hitc_ws/src/micro-ROS-Agent/micro_ros_agent/src/agent/graph_manager/graph_manager.cpp:[m[K In member function â€˜[01m[Kvoid uros::agent::graph_manager::GraphManager::add_datawriter(const eprosima::fastrtps::rtps::GUID_t&, const string&, const string&, const eprosima::fastrtps::rtps::GUID_t&, const eprosima::fastdds::dds::DataWriterQos&)[m[Kâ€™:
[39.052s] [01m[K/home/chris/capstone/hitc_ws/src/micro-ROS-Agent/micro_ros_agent/src/agent/graph_manager/graph_manager.cpp:378:9:[m[K [01;31m[Kerror: [m[Kâ€˜[01m[Krosidl_get_zero_initialized_type_hash[m[Kâ€™ was not declared in this scope; did you mean â€˜[01m[Krcutils_get_zero_initialized_hash_map[m[Kâ€™?
[39.052s]   378 |         [01;31m[Krosidl_get_zero_initialized_type_hash[m[K(), participant_gid, qos_profile, false);
[39.052s]       |         [01;31m[K^~~~~~~~~~~~~~~~~~~~~~~~~~~~~~~~~~~~~[m[K
[39.052s]       |         [32m[Krcutils_get_zero_initialized_hash_map[m[K
[39.061s] [01m[K/home/chris/capstone/hitc_ws/src/micro-ROS-Agent/micro_ros_agent/src/agent/graph_manager/graph_manager.cpp:[m[K In member function â€˜[01m[Kvoid uros::agent::graph_manager::GraphManager::add_datareader(const eprosima::fastrtps::rtps::GUID_t&, const string&, const string&, const eprosima::fastrtps::rtps::GUID_t&, const eprosima::fastdds::dds::DataReaderQos&)[m[Kâ€™:
[39.061s] [01m[K/home/chris/capstone/hitc_ws/src/micro-ROS-Agent/micro_ros_agent/src/agent/graph_manager/graph_manager.cpp:420:9:[m[K [01;31m[Kerror: [m[Kâ€˜[01m[Krosidl_get_zero_initialized_type_hash[m[Kâ€™ was not declared in this scope; did you mean â€˜[01m[Krcutils_get_zero_initialized_hash_map[m[Kâ€™?
[39.061s]   420 |         [01;31m[Krosidl_get_zero_initialized_type_hash[m[K(), participant_gid, qos_profile, true);
[39.061s]       |         [01;31m[K^~~~~~~~~~~~~~~~~~~~~~~~~~~~~~~~~~~~~[m[K
[39.061s]       |         [32m[Krcutils_get_zero_initialized_hash_map[m[K
[39.884s] gmake[5]: *** [CMakeFiles/micro_ros_agent.dir/build.make:104: CMakeFiles/micro_ros_agent.dir/src/agent/graph_manager/graph_manager.cpp.o] Error 1
[39.884s] gmake[5]: *** Waiting for unfinished jobs....
[41.087s] gmake[4]: *** [CMakeFiles/Makefile2:137: CMakeFiles/micro_ros_agent.dir/all] Error 2
[41.087s] gmake[3]: *** [Makefile:146: all] Error 2
[41.087s] gmake[2]: *** [CMakeFiles/micro_ros_agent.dir/build.make:86: micro_ros_agent-prefix/src/micro_ros_agent-stamp/micro_ros_agent-build] Error 2
[41.088s] gmake[1]: *** [CMakeFiles/Makefile2:111: CMakeFiles/micro_ros_agent.dir/all] Error 2
[41.088s] gmake: *** [Makefile:91: all] Error 2
[41.090s] Invoked command in '/home/chris/capstone/hitc_ws/build/micro_ros_agent' returned '2': CMAKE_PREFIX_PATH=${CMAKE_PREFIX_PATH}:/home/chris/ros2_ws/install/turtlesim_catch_them_all:/home/chris/ros2_ws/install/my_py_pkg:/home/chris/second_ros2_ws/install/urdf_tutorial_r2d2:/home/chris/ws_moveit/install/moveit_configs_utils:/home/chris/capstone/hitc_ws/install/trajectory_generator:/home/chris/capstone/hitc_ws/install/state_publisher_py:/home/chris/hitc_ws/install/test_motors_py:/home/chris/hitc_ws/install/camera_py:/opt/ros/humble /usr/bin/cmake --build /home/chris/capstone/hitc_ws/build/micro_ros_agent -- -j12 -l12
